CRITICAL - 2025-06-14 08:29:22 --> CodeIgniter\Exceptions\BadMethodCallException: Call to undefined method App\Models\BriefingModel::findNextScheduleForUser
[Method: POST, Route: briefing/mark-absent]
in SYSTEMPATH\Model.php on line 930.
 1 APPPATH\Controllers\BriefingController.php(307): CodeIgniter\Model->__call('findNextScheduleForUser', [...])
 2 SYSTEMPATH\CodeIgniter.php(933): App\Controllers\BriefingController->markAbsent()
 3 SYSTEMPATH\CodeIgniter.php(507): CodeIgniter\CodeIgniter->runController(Object(App\Controllers\BriefingController))
 4 SYSTEMPATH\CodeIgniter.php(354): CodeIgniter\CodeIgniter->handleRequest(null, Object(Config\Cache), false)
 5 SYSTEMPATH\Boot.php(334): CodeIgniter\CodeIgniter->run()
 6 SYSTEMPATH\Boot.php(67): CodeIgniter\Boot::runCodeIgniter(Object(CodeIgniter\CodeIgniter))
 7 FCPATH\index.php(56): CodeIgniter\Boot::bootWeb(Object(Config\Paths))
 8 SYSTEMPATH\rewrite.php(44): require_once('D:\\Work\\pps\\daily_report2\\public\\index.php')
ERROR - 2025-06-14 09:08:30 --> mysqli_sql_exception: Duplicate entry '20' for key 'unique_order' in D:\Work\pps\daily_report2\system\Database\MySQLi\Connection.php:327
Stack trace:
#0 D:\Work\pps\daily_report2\system\Database\MySQLi\Connection.php(327): mysqli->query('UPDATE `briefin...', 0)
#1 D:\Work\pps\daily_report2\system\Database\BaseConnection.php(738): CodeIgniter\Database\MySQLi\Connection->execute('UPDATE `briefin...')
#2 D:\Work\pps\daily_report2\system\Database\BaseConnection.php(652): CodeIgniter\Database\BaseConnection->simpleQuery('UPDATE `briefin...')
#3 D:\Work\pps\daily_report2\system\Database\BaseBuilder.php(2521): CodeIgniter\Database\BaseConnection->query('UPDATE `briefin...', Array, false)
#4 D:\Work\pps\daily_report2\system\Model.php(461): CodeIgniter\Database\BaseBuilder->update()
#5 D:\Work\pps\daily_report2\system\BaseModel.php(1027): CodeIgniter\Model->doUpdate(Array, Array)
#6 D:\Work\pps\daily_report2\system\Model.php(863): CodeIgniter\BaseModel->update(Array, Array)
#7 D:\Work\pps\daily_report2\app\Controllers\BriefingController.php(400): CodeIgniter\Model->update('112', Array)
#8 D:\Work\pps\daily_report2\app\Controllers\BriefingController.php(346): App\Controllers\BriefingController->swapUpcomingSchedules('3', '29', '2025-06-16')
#9 D:\Work\pps\daily_report2\system\CodeIgniter.php(933): App\Controllers\BriefingController->markAbsent()
#10 D:\Work\pps\daily_report2\system\CodeIgniter.php(507): CodeIgniter\CodeIgniter->runController(Object(App\Controllers\BriefingController))
#11 D:\Work\pps\daily_report2\system\CodeIgniter.php(354): CodeIgniter\CodeIgniter->handleRequest(NULL, Object(Config\Cache), false)
#12 D:\Work\pps\daily_report2\system\Boot.php(334): CodeIgniter\CodeIgniter->run()
#13 D:\Work\pps\daily_report2\system\Boot.php(67): CodeIgniter\Boot::runCodeIgniter(Object(CodeIgniter\CodeIgniter))
#14 D:\Work\pps\daily_report2\public\index.php(56): CodeIgniter\Boot::bootWeb(Object(Config\Paths))
#15 D:\Work\pps\daily_report2\system\rewrite.php(44): require_once('D:\\Work\\pps\\dai...')
#16 {main}
ERROR - 2025-06-14 09:08:30 --> mysqli_sql_exception: Duplicate entry '19' for key 'unique_order' in D:\Work\pps\daily_report2\system\Database\MySQLi\Connection.php:327
Stack trace:
#0 D:\Work\pps\daily_report2\system\Database\MySQLi\Connection.php(327): mysqli->query('UPDATE `briefin...', 0)
#1 D:\Work\pps\daily_report2\system\Database\BaseConnection.php(738): CodeIgniter\Database\MySQLi\Connection->execute('UPDATE `briefin...')
#2 D:\Work\pps\daily_report2\system\Database\BaseConnection.php(652): CodeIgniter\Database\BaseConnection->simpleQuery('UPDATE `briefin...')
#3 D:\Work\pps\daily_report2\system\Database\BaseBuilder.php(2521): CodeIgniter\Database\BaseConnection->query('UPDATE `briefin...', Array, false)
#4 D:\Work\pps\daily_report2\system\Model.php(461): CodeIgniter\Database\BaseBuilder->update()
#5 D:\Work\pps\daily_report2\system\BaseModel.php(1027): CodeIgniter\Model->doUpdate(Array, Array)
#6 D:\Work\pps\daily_report2\system\Model.php(863): CodeIgniter\BaseModel->update(Array, Array)
#7 D:\Work\pps\daily_report2\app\Controllers\BriefingController.php(401): CodeIgniter\Model->update('113', Array)
#8 D:\Work\pps\daily_report2\app\Controllers\BriefingController.php(346): App\Controllers\BriefingController->swapUpcomingSchedules('3', '29', '2025-06-16')
#9 D:\Work\pps\daily_report2\system\CodeIgniter.php(933): App\Controllers\BriefingController->markAbsent()
#10 D:\Work\pps\daily_report2\system\CodeIgniter.php(507): CodeIgniter\CodeIgniter->runController(Object(App\Controllers\BriefingController))
#11 D:\Work\pps\daily_report2\system\CodeIgniter.php(354): CodeIgniter\CodeIgniter->handleRequest(NULL, Object(Config\Cache), false)
#12 D:\Work\pps\daily_report2\system\Boot.php(334): CodeIgniter\CodeIgniter->run()
#13 D:\Work\pps\daily_report2\system\Boot.php(67): CodeIgniter\Boot::runCodeIgniter(Object(CodeIgniter\CodeIgniter))
#14 D:\Work\pps\daily_report2\public\index.php(56): CodeIgniter\Boot::bootWeb(Object(Config\Paths))
#15 D:\Work\pps\daily_report2\system\rewrite.php(44): require_once('D:\\Work\\pps\\dai...')
#16 {main}
ERROR - 2025-06-14 10:46:13 --> mysqli_sql_exception: Duplicate entry '17' for key 'unique_order' in D:\Work\pps\daily_report2\system\Database\MySQLi\Connection.php:327
Stack trace:
#0 D:\Work\pps\daily_report2\system\Database\MySQLi\Connection.php(327): mysqli->query('UPDATE `briefin...', 0)
#1 D:\Work\pps\daily_report2\system\Database\BaseConnection.php(738): CodeIgniter\Database\MySQLi\Connection->execute('UPDATE `briefin...')
#2 D:\Work\pps\daily_report2\system\Database\BaseConnection.php(652): CodeIgniter\Database\BaseConnection->simpleQuery('UPDATE `briefin...')
#3 D:\Work\pps\daily_report2\system\Database\BaseBuilder.php(2521): CodeIgniter\Database\BaseConnection->query('UPDATE `briefin...', Array, false)
#4 D:\Work\pps\daily_report2\system\Model.php(461): CodeIgniter\Database\BaseBuilder->update()
#5 D:\Work\pps\daily_report2\system\BaseModel.php(1027): CodeIgniter\Model->doUpdate(NULL, Array)
#6 D:\Work\pps\daily_report2\system\Model.php(863): CodeIgniter\BaseModel->update(NULL, Array)
#7 D:\Work\pps\daily_report2\app\Models\BriefingModel.php(58): CodeIgniter\Model->update()
#8 D:\Work\pps\daily_report2\app\Controllers\BriefingController.php(61): App\Models\BriefingModel->updateOrder(Array)
#9 D:\Work\pps\daily_report2\system\CodeIgniter.php(933): App\Controllers\BriefingController->updateOrder()
#10 D:\Work\pps\daily_report2\system\CodeIgniter.php(507): CodeIgniter\CodeIgniter->runController(Object(App\Controllers\BriefingController))
#11 D:\Work\pps\daily_report2\system\CodeIgniter.php(354): CodeIgniter\CodeIgniter->handleRequest(NULL, Object(Config\Cache), false)
#12 D:\Work\pps\daily_report2\system\Boot.php(334): CodeIgniter\CodeIgniter->run()
#13 D:\Work\pps\daily_report2\system\Boot.php(67): CodeIgniter\Boot::runCodeIgniter(Object(CodeIgniter\CodeIgniter))
#14 D:\Work\pps\daily_report2\public\index.php(56): CodeIgniter\Boot::bootWeb(Object(Config\Paths))
#15 D:\Work\pps\daily_report2\system\rewrite.php(44): require_once('D:\\Work\\pps\\dai...')
#16 {main}
ERROR - 2025-06-14 10:46:13 --> mysqli_sql_exception: Duplicate entry '18' for key 'unique_order' in D:\Work\pps\daily_report2\system\Database\MySQLi\Connection.php:327
Stack trace:
#0 D:\Work\pps\daily_report2\system\Database\MySQLi\Connection.php(327): mysqli->query('UPDATE `briefin...', 0)
#1 D:\Work\pps\daily_report2\system\Database\BaseConnection.php(738): CodeIgniter\Database\MySQLi\Connection->execute('UPDATE `briefin...')
#2 D:\Work\pps\daily_report2\system\Database\BaseConnection.php(652): CodeIgniter\Database\BaseConnection->simpleQuery('UPDATE `briefin...')
#3 D:\Work\pps\daily_report2\system\Database\BaseBuilder.php(2521): CodeIgniter\Database\BaseConnection->query('UPDATE `briefin...', Array, false)
#4 D:\Work\pps\daily_report2\system\Model.php(461): CodeIgniter\Database\BaseBuilder->update()
#5 D:\Work\pps\daily_report2\system\BaseModel.php(1027): CodeIgniter\Model->doUpdate(NULL, Array)
#6 D:\Work\pps\daily_report2\system\Model.php(863): CodeIgniter\BaseModel->update(NULL, Array)
#7 D:\Work\pps\daily_report2\app\Models\BriefingModel.php(58): CodeIgniter\Model->update()
#8 D:\Work\pps\daily_report2\app\Controllers\BriefingController.php(61): App\Models\BriefingModel->updateOrder(Array)
#9 D:\Work\pps\daily_report2\system\CodeIgniter.php(933): App\Controllers\BriefingController->updateOrder()
#10 D:\Work\pps\daily_report2\system\CodeIgniter.php(507): CodeIgniter\CodeIgniter->runController(Object(App\Controllers\BriefingController))
#11 D:\Work\pps\daily_report2\system\CodeIgniter.php(354): CodeIgniter\CodeIgniter->handleRequest(NULL, Object(Config\Cache), false)
#12 D:\Work\pps\daily_report2\system\Boot.php(334): CodeIgniter\CodeIgniter->run()
#13 D:\Work\pps\daily_report2\system\Boot.php(67): CodeIgniter\Boot::runCodeIgniter(Object(CodeIgniter\CodeIgniter))
#14 D:\Work\pps\daily_report2\public\index.php(56): CodeIgniter\Boot::bootWeb(Object(Config\Paths))
#15 D:\Work\pps\daily_report2\system\rewrite.php(44): require_once('D:\\Work\\pps\\dai...')
#16 {main}
ERROR - 2025-06-14 10:46:13 --> mysqli_sql_exception: Duplicate entry '19' for key 'unique_order' in D:\Work\pps\daily_report2\system\Database\MySQLi\Connection.php:327
Stack trace:
#0 D:\Work\pps\daily_report2\system\Database\MySQLi\Connection.php(327): mysqli->query('UPDATE `briefin...', 0)
#1 D:\Work\pps\daily_report2\system\Database\BaseConnection.php(738): CodeIgniter\Database\MySQLi\Connection->execute('UPDATE `briefin...')
#2 D:\Work\pps\daily_report2\system\Database\BaseConnection.php(652): CodeIgniter\Database\BaseConnection->simpleQuery('UPDATE `briefin...')
#3 D:\Work\pps\daily_report2\system\Database\BaseBuilder.php(2521): CodeIgniter\Database\BaseConnection->query('UPDATE `briefin...', Array, false)
#4 D:\Work\pps\daily_report2\system\Model.php(461): CodeIgniter\Database\BaseBuilder->update()
#5 D:\Work\pps\daily_report2\system\BaseModel.php(1027): CodeIgniter\Model->doUpdate(NULL, Array)
#6 D:\Work\pps\daily_report2\system\Model.php(863): CodeIgniter\BaseModel->update(NULL, Array)
#7 D:\Work\pps\daily_report2\app\Models\BriefingModel.php(58): CodeIgniter\Model->update()
#8 D:\Work\pps\daily_report2\app\Controllers\BriefingController.php(61): App\Models\BriefingModel->updateOrder(Array)
#9 D:\Work\pps\daily_report2\system\CodeIgniter.php(933): App\Controllers\BriefingController->updateOrder()
#10 D:\Work\pps\daily_report2\system\CodeIgniter.php(507): CodeIgniter\CodeIgniter->runController(Object(App\Controllers\BriefingController))
#11 D:\Work\pps\daily_report2\system\CodeIgniter.php(354): CodeIgniter\CodeIgniter->handleRequest(NULL, Object(Config\Cache), false)
#12 D:\Work\pps\daily_report2\system\Boot.php(334): CodeIgniter\CodeIgniter->run()
#13 D:\Work\pps\daily_report2\system\Boot.php(67): CodeIgniter\Boot::runCodeIgniter(Object(CodeIgniter\CodeIgniter))
#14 D:\Work\pps\daily_report2\public\index.php(56): CodeIgniter\Boot::bootWeb(Object(Config\Paths))
#15 D:\Work\pps\daily_report2\system\rewrite.php(44): require_once('D:\\Work\\pps\\dai...')
#16 {main}
