ERROR - 2025-06-18 08:45:58 --> mysqli_sql_exception: Cannot add or update a child row: a foreign key constraint fails (`daily_report`.`briefing_schedules`, CONSTRAINT `briefing_schedules_ibfk_2` FOREIGN KEY (`replacement_user_id`) REFERENCES `users` (`id`) ON DELETE SET NULL) in D:\Work\pps\daily_report2\system\Database\MySQLi\Connection.php:327
Stack trace:
#0 D:\Work\pps\daily_report2\system\Database\MySQLi\Connection.php(327): mysqli->query('INSERT INTO `br...', 0)
#1 D:\Work\pps\daily_report2\system\Database\BaseConnection.php(738): CodeIgniter\Database\MySQLi\Connection->execute('INSERT INTO `br...')
#2 D:\Work\pps\daily_report2\system\Database\BaseConnection.php(652): CodeIgniter\Database\BaseConnection->simpleQuery('INSERT INTO `br...')
#3 D:\Work\pps\daily_report2\system\Database\BaseBuilder.php(2345): CodeIgniter\Database\BaseConnection->query('INSERT INTO `br...', Array, false)
#4 D:\Work\pps\daily_report2\system\Model.php(394): CodeIgniter\Database\BaseBuilder->insert()
#5 D:\Work\pps\daily_report2\system\BaseModel.php(839): CodeIgniter\Model->doInsert(Array)
#6 D:\Work\pps\daily_report2\system\Model.php(800): CodeIgniter\BaseModel->insert(Array, true)
#7 D:\Work\pps\daily_report2\app\Models\BriefingScheduleModel.php(58): CodeIgniter\Model->insert(Array)
#8 D:\Work\pps\daily_report2\app\Controllers\BriefingController.php(316): App\Models\BriefingScheduleModel->markAbsent('2025-06-18', '22', '', '')
#9 D:\Work\pps\daily_report2\system\CodeIgniter.php(933): App\Controllers\BriefingController->markAbsent()
#10 D:\Work\pps\daily_report2\system\CodeIgniter.php(507): CodeIgniter\CodeIgniter->runController(Object(App\Controllers\BriefingController))
#11 D:\Work\pps\daily_report2\system\CodeIgniter.php(354): CodeIgniter\CodeIgniter->handleRequest(NULL, Object(Config\Cache), false)
#12 D:\Work\pps\daily_report2\system\Boot.php(334): CodeIgniter\CodeIgniter->run()
#13 D:\Work\pps\daily_report2\system\Boot.php(67): CodeIgniter\Boot::runCodeIgniter(Object(CodeIgniter\CodeIgniter))
#14 D:\Work\pps\daily_report2\public\index.php(56): CodeIgniter\Boot::bootWeb(Object(Config\Paths))
#15 D:\Work\pps\daily_report2\system\rewrite.php(44): require_once('D:\\Work\\pps\\dai...')
#16 {main}
ERROR - 2025-06-18 08:45:58 --> Error in markAbsent: Transaction failed
CRITICAL - 2025-06-18 01:49:28 --> ParseError: syntax error, unexpected token "->"
[Method: GET, Route: outdoor-activity/display]
in APPPATH\Controllers\OutdoorActivity.php on line 128.
 1 SYSTEMPATH\Autoloader\Autoloader.php(295): CodeIgniter\Autoloader\Autoloader->includeFile('D:\\Work\\pps\\daily_report2\\app\\Controllers\\OutdoorActivity.php')
 2 SYSTEMPATH\Autoloader\Autoloader.php(271): CodeIgniter\Autoloader\Autoloader->loadInNamespace('App\\Controllers\\OutdoorActivity')
 3 [internal function]: CodeIgniter\Autoloader\Autoloader->loadClass('App\\Controllers\\OutdoorActivity')
 4 SYSTEMPATH\CodeIgniter.php(885): class_exists('\\App\\Controllers\\OutdoorActivity', true)
 5 SYSTEMPATH\CodeIgniter.php(494): CodeIgniter\CodeIgniter->startController()
 6 SYSTEMPATH\CodeIgniter.php(354): CodeIgniter\CodeIgniter->handleRequest(null, Object(Config\Cache), false)
 7 SYSTEMPATH\Boot.php(334): CodeIgniter\CodeIgniter->run()
 8 SYSTEMPATH\Boot.php(67): CodeIgniter\Boot::runCodeIgniter(Object(CodeIgniter\CodeIgniter))
 9 FCPATH\index.php(56): CodeIgniter\Boot::bootWeb(Object(Config\Paths))
10 SYSTEMPATH\rewrite.php(44): require_once('D:\\Work\\pps\\daily_report2\\public\\index.php')
CRITICAL - 2025-06-18 09:15:32 --> ErrorException: Undefined variable $hasSchedule
[Method: GET, Route: outdoor-activity/display]
in APPPATH\Views\outdoor_activity\display.php on line 187.
 1 APPPATH\Views\outdoor_activity\display.php(187): CodeIgniter\Debug\Exceptions->errorHandler(2, 'Undefined variable $hasSchedule', 'D:\\Work\\pps\\daily_report2\\app\\Views\\outdoor_activity\\display.php', 187)
 2 SYSTEMPATH\View\View.php(224): include('D:\\Work\\pps\\daily_report2\\app\\Views\\outdoor_activity\\display.php')
 3 SYSTEMPATH\View\View.php(227): CodeIgniter\View\View->CodeIgniter\View\{closure}()
 4 SYSTEMPATH\Common.php(1173): CodeIgniter\View\View->render('outdoor_activity/display', [], true)
 5 APPPATH\Controllers\OutdoorActivity.php(330): view('outdoor_activity/display', [...])
 6 SYSTEMPATH\CodeIgniter.php(933): App\Controllers\OutdoorActivity->display()
 7 SYSTEMPATH\CodeIgniter.php(507): CodeIgniter\CodeIgniter->runController(Object(App\Controllers\OutdoorActivity))
 8 SYSTEMPATH\CodeIgniter.php(354): CodeIgniter\CodeIgniter->handleRequest(null, Object(Config\Cache), false)
 9 SYSTEMPATH\Boot.php(334): CodeIgniter\CodeIgniter->run()
10 SYSTEMPATH\Boot.php(67): CodeIgniter\Boot::runCodeIgniter(Object(CodeIgniter\CodeIgniter))
11 FCPATH\index.php(56): CodeIgniter\Boot::bootWeb(Object(Config\Paths))
12 SYSTEMPATH\rewrite.php(44): require_once('D:\\Work\\pps\\daily_report2\\public\\index.php')
CRITICAL - 2025-06-18 09:15:40 --> ErrorException: Undefined variable $hasSchedule
[Method: GET, Route: outdoor-activity/display]
in APPPATH\Views\outdoor_activity\display.php on line 187.
 1 APPPATH\Views\outdoor_activity\display.php(187): CodeIgniter\Debug\Exceptions->errorHandler(2, 'Undefined variable $hasSchedule', 'D:\\Work\\pps\\daily_report2\\app\\Views\\outdoor_activity\\display.php', 187)
 2 SYSTEMPATH\View\View.php(224): include('D:\\Work\\pps\\daily_report2\\app\\Views\\outdoor_activity\\display.php')
 3 SYSTEMPATH\View\View.php(227): CodeIgniter\View\View->CodeIgniter\View\{closure}()
 4 SYSTEMPATH\Common.php(1173): CodeIgniter\View\View->render('outdoor_activity/display', [], true)
 5 APPPATH\Controllers\OutdoorActivity.php(330): view('outdoor_activity/display', [...])
 6 SYSTEMPATH\CodeIgniter.php(933): App\Controllers\OutdoorActivity->display()
 7 SYSTEMPATH\CodeIgniter.php(507): CodeIgniter\CodeIgniter->runController(Object(App\Controllers\OutdoorActivity))
 8 SYSTEMPATH\CodeIgniter.php(354): CodeIgniter\CodeIgniter->handleRequest(null, Object(Config\Cache), false)
 9 SYSTEMPATH\Boot.php(334): CodeIgniter\CodeIgniter->run()
10 SYSTEMPATH\Boot.php(67): CodeIgniter\Boot::runCodeIgniter(Object(CodeIgniter\CodeIgniter))
11 FCPATH\index.php(56): CodeIgniter\Boot::bootWeb(Object(Config\Paths))
12 SYSTEMPATH\rewrite.php(44): require_once('D:\\Work\\pps\\daily_report2\\public\\index.php')
CRITICAL - 2025-06-18 09:19:31 --> ErrorException: Undefined array key "dates"
[Method: GET, Route: outdoor-activity/display]
in APPPATH\Views\outdoor_activity\display.php on line 209.
 1 APPPATH\Views\outdoor_activity\display.php(209): CodeIgniter\Debug\Exceptions->errorHandler(2, 'Undefined array key "dates"', 'D:\\Work\\pps\\daily_report2\\app\\Views\\outdoor_activity\\display.php', 209)
 2 [internal function]: CodeIgniter\View\View->{closure}([...])
 3 APPPATH\Views\outdoor_activity\display.php(208): array_filter([...], Object(Closure))
 4 SYSTEMPATH\View\View.php(224): include('D:\\Work\\pps\\daily_report2\\app\\Views\\outdoor_activity\\display.php')
 5 SYSTEMPATH\View\View.php(227): CodeIgniter\View\View->CodeIgniter\View\{closure}()
 6 SYSTEMPATH\Common.php(1173): CodeIgniter\View\View->render('outdoor_activity/display', [], true)
 7 APPPATH\Controllers\OutdoorActivity.php(330): view('outdoor_activity/display', [...])
 8 SYSTEMPATH\CodeIgniter.php(933): App\Controllers\OutdoorActivity->display()
 9 SYSTEMPATH\CodeIgniter.php(507): CodeIgniter\CodeIgniter->runController(Object(App\Controllers\OutdoorActivity))
10 SYSTEMPATH\CodeIgniter.php(354): CodeIgniter\CodeIgniter->handleRequest(null, Object(Config\Cache), false)
11 SYSTEMPATH\Boot.php(334): CodeIgniter\CodeIgniter->run()
12 SYSTEMPATH\Boot.php(67): CodeIgniter\Boot::runCodeIgniter(Object(CodeIgniter\CodeIgniter))
13 FCPATH\index.php(56): CodeIgniter\Boot::bootWeb(Object(Config\Paths))
14 SYSTEMPATH\rewrite.php(44): require_once('D:\\Work\\pps\\daily_report2\\public\\index.php')
CRITICAL - 2025-06-18 09:20:28 --> ErrorException: Undefined array key "dates"
[Method: GET, Route: outdoor-activity/display]
in APPPATH\Views\outdoor_activity\display.php on line 214.
 1 APPPATH\Views\outdoor_activity\display.php(214): CodeIgniter\Debug\Exceptions->errorHandler(2, 'Undefined array key "dates"', 'D:\\Work\\pps\\daily_report2\\app\\Views\\outdoor_activity\\display.php', 214)
 2 [internal function]: CodeIgniter\View\View->{closure}([...])
 3 APPPATH\Views\outdoor_activity\display.php(213): array_filter([...], Object(Closure))
 4 SYSTEMPATH\View\View.php(224): include('D:\\Work\\pps\\daily_report2\\app\\Views\\outdoor_activity\\display.php')
 5 SYSTEMPATH\View\View.php(227): CodeIgniter\View\View->CodeIgniter\View\{closure}()
 6 SYSTEMPATH\Common.php(1173): CodeIgniter\View\View->render('outdoor_activity/display', [], true)
 7 APPPATH\Controllers\OutdoorActivity.php(330): view('outdoor_activity/display', [...])
 8 SYSTEMPATH\CodeIgniter.php(933): App\Controllers\OutdoorActivity->display()
 9 SYSTEMPATH\CodeIgniter.php(507): CodeIgniter\CodeIgniter->runController(Object(App\Controllers\OutdoorActivity))
10 SYSTEMPATH\CodeIgniter.php(354): CodeIgniter\CodeIgniter->handleRequest(null, Object(Config\Cache), false)
11 SYSTEMPATH\Boot.php(334): CodeIgniter\CodeIgniter->run()
12 SYSTEMPATH\Boot.php(67): CodeIgniter\Boot::runCodeIgniter(Object(CodeIgniter\CodeIgniter))
13 FCPATH\index.php(56): CodeIgniter\Boot::bootWeb(Object(Config\Paths))
14 SYSTEMPATH\rewrite.php(44): require_once('D:\\Work\\pps\\daily_report2\\public\\index.php')
CRITICAL - 2025-06-18 09:20:29 --> ErrorException: Undefined array key "dates"
[Method: GET, Route: outdoor-activity/display]
in APPPATH\Views\outdoor_activity\display.php on line 214.
 1 APPPATH\Views\outdoor_activity\display.php(214): CodeIgniter\Debug\Exceptions->errorHandler(2, 'Undefined array key "dates"', 'D:\\Work\\pps\\daily_report2\\app\\Views\\outdoor_activity\\display.php', 214)
 2 [internal function]: CodeIgniter\View\View->{closure}([...])
 3 APPPATH\Views\outdoor_activity\display.php(213): array_filter([...], Object(Closure))
 4 SYSTEMPATH\View\View.php(224): include('D:\\Work\\pps\\daily_report2\\app\\Views\\outdoor_activity\\display.php')
 5 SYSTEMPATH\View\View.php(227): CodeIgniter\View\View->CodeIgniter\View\{closure}()
 6 SYSTEMPATH\Common.php(1173): CodeIgniter\View\View->render('outdoor_activity/display', [], true)
 7 APPPATH\Controllers\OutdoorActivity.php(330): view('outdoor_activity/display', [...])
 8 SYSTEMPATH\CodeIgniter.php(933): App\Controllers\OutdoorActivity->display()
 9 SYSTEMPATH\CodeIgniter.php(507): CodeIgniter\CodeIgniter->runController(Object(App\Controllers\OutdoorActivity))
10 SYSTEMPATH\CodeIgniter.php(354): CodeIgniter\CodeIgniter->handleRequest(null, Object(Config\Cache), false)
11 SYSTEMPATH\Boot.php(334): CodeIgniter\CodeIgniter->run()
12 SYSTEMPATH\Boot.php(67): CodeIgniter\Boot::runCodeIgniter(Object(CodeIgniter\CodeIgniter))
13 FCPATH\index.php(56): CodeIgniter\Boot::bootWeb(Object(Config\Paths))
14 SYSTEMPATH\rewrite.php(44): require_once('D:\\Work\\pps\\daily_report2\\public\\index.php')
CRITICAL - 2025-06-18 09:20:30 --> ErrorException: Undefined array key "dates"
[Method: GET, Route: outdoor-activity/display]
in APPPATH\Views\outdoor_activity\display.php on line 214.
 1 APPPATH\Views\outdoor_activity\display.php(214): CodeIgniter\Debug\Exceptions->errorHandler(2, 'Undefined array key "dates"', 'D:\\Work\\pps\\daily_report2\\app\\Views\\outdoor_activity\\display.php', 214)
 2 [internal function]: CodeIgniter\View\View->{closure}([...])
 3 APPPATH\Views\outdoor_activity\display.php(213): array_filter([...], Object(Closure))
 4 SYSTEMPATH\View\View.php(224): include('D:\\Work\\pps\\daily_report2\\app\\Views\\outdoor_activity\\display.php')
 5 SYSTEMPATH\View\View.php(227): CodeIgniter\View\View->CodeIgniter\View\{closure}()
 6 SYSTEMPATH\Common.php(1173): CodeIgniter\View\View->render('outdoor_activity/display', [], true)
 7 APPPATH\Controllers\OutdoorActivity.php(330): view('outdoor_activity/display', [...])
 8 SYSTEMPATH\CodeIgniter.php(933): App\Controllers\OutdoorActivity->display()
 9 SYSTEMPATH\CodeIgniter.php(507): CodeIgniter\CodeIgniter->runController(Object(App\Controllers\OutdoorActivity))
10 SYSTEMPATH\CodeIgniter.php(354): CodeIgniter\CodeIgniter->handleRequest(null, Object(Config\Cache), false)
11 SYSTEMPATH\Boot.php(334): CodeIgniter\CodeIgniter->run()
12 SYSTEMPATH\Boot.php(67): CodeIgniter\Boot::runCodeIgniter(Object(CodeIgniter\CodeIgniter))
13 FCPATH\index.php(56): CodeIgniter\Boot::bootWeb(Object(Config\Paths))
14 SYSTEMPATH\rewrite.php(44): require_once('D:\\Work\\pps\\daily_report2\\public\\index.php')
CRITICAL - 2025-06-18 09:20:47 --> Error: Call to undefined function hari_indonesia()
[Method: GET, Route: outdoor-activity/display]
in APPPATH\Views\outdoor_activity\display.php on line 257.
 1 SYSTEMPATH\View\View.php(224): include()
 2 SYSTEMPATH\View\View.php(227): CodeIgniter\View\View->CodeIgniter\View\{closure}()
 3 SYSTEMPATH\Common.php(1173): CodeIgniter\View\View->render('outdoor_activity/display', [], true)
 4 APPPATH\Controllers\OutdoorActivity.php(330): view('outdoor_activity/display', [...])
 5 SYSTEMPATH\CodeIgniter.php(933): App\Controllers\OutdoorActivity->display()
 6 SYSTEMPATH\CodeIgniter.php(507): CodeIgniter\CodeIgniter->runController(Object(App\Controllers\OutdoorActivity))
 7 SYSTEMPATH\CodeIgniter.php(354): CodeIgniter\CodeIgniter->handleRequest(null, Object(Config\Cache), false)
 8 SYSTEMPATH\Boot.php(334): CodeIgniter\CodeIgniter->run()
 9 SYSTEMPATH\Boot.php(67): CodeIgniter\Boot::runCodeIgniter(Object(CodeIgniter\CodeIgniter))
10 FCPATH\index.php(56): CodeIgniter\Boot::bootWeb(Object(Config\Paths))
11 SYSTEMPATH\rewrite.php(44): require_once('D:\\Work\\pps\\daily_report2\\public\\index.php')
CRITICAL - 2025-06-18 09:26:44 --> Error: Call to undefined function hari_indonesia()
[Method: GET, Route: outdoor-activity/display]
in APPPATH\Views\outdoor_activity\display.php on line 72.
 1 SYSTEMPATH\View\View.php(224): include()
 2 SYSTEMPATH\View\View.php(227): CodeIgniter\View\View->CodeIgniter\View\{closure}()
 3 SYSTEMPATH\Common.php(1173): CodeIgniter\View\View->render('outdoor_activity/display', [], true)
 4 APPPATH\Controllers\OutdoorActivity.php(330): view('outdoor_activity/display', [...])
 5 SYSTEMPATH\CodeIgniter.php(933): App\Controllers\OutdoorActivity->display()
 6 SYSTEMPATH\CodeIgniter.php(507): CodeIgniter\CodeIgniter->runController(Object(App\Controllers\OutdoorActivity))
 7 SYSTEMPATH\CodeIgniter.php(354): CodeIgniter\CodeIgniter->handleRequest(null, Object(Config\Cache), false)
 8 SYSTEMPATH\Boot.php(334): CodeIgniter\CodeIgniter->run()
 9 SYSTEMPATH\Boot.php(67): CodeIgniter\Boot::runCodeIgniter(Object(CodeIgniter\CodeIgniter))
10 FCPATH\index.php(56): CodeIgniter\Boot::bootWeb(Object(Config\Paths))
11 SYSTEMPATH\rewrite.php(44): require_once('D:\\Work\\pps\\daily_report2\\public\\index.php')
CRITICAL - 2025-06-18 10:59:47 --> Error: Call to undefined function hari_indonesia()
[Method: GET, Route: outdoor-activity/display]
in APPPATH\Views\outdoor_activity\display.php on line 72.
 1 SYSTEMPATH\View\View.php(224): include()
 2 SYSTEMPATH\View\View.php(227): CodeIgniter\View\View->CodeIgniter\View\{closure}()
 3 SYSTEMPATH\Common.php(1173): CodeIgniter\View\View->render('outdoor_activity/display', [], true)
 4 APPPATH\Controllers\OutdoorActivity.php(330): view('outdoor_activity/display', [...])
 5 SYSTEMPATH\CodeIgniter.php(933): App\Controllers\OutdoorActivity->display()
 6 SYSTEMPATH\CodeIgniter.php(507): CodeIgniter\CodeIgniter->runController(Object(App\Controllers\OutdoorActivity))
 7 SYSTEMPATH\CodeIgniter.php(354): CodeIgniter\CodeIgniter->handleRequest(null, Object(Config\Cache), false)
 8 SYSTEMPATH\Boot.php(334): CodeIgniter\CodeIgniter->run()
 9 SYSTEMPATH\Boot.php(67): CodeIgniter\Boot::runCodeIgniter(Object(CodeIgniter\CodeIgniter))
10 FCPATH\index.php(56): CodeIgniter\Boot::bootWeb(Object(Config\Paths))
11 SYSTEMPATH\rewrite.php(44): require_once('D:\\Work\\pps\\daily_report2\\public\\index.php')
ERROR - 2025-06-18 16:36:35 --> mysqli_sql_exception: Duplicate entry '2025-06-18' for key 'tanggal' in D:\Work\pps\daily_report2\system\Database\MySQLi\Connection.php:327
Stack trace:
#0 D:\Work\pps\daily_report2\system\Database\MySQLi\Connection.php(327): mysqli->query('INSERT INTO `ja...', 0)
#1 D:\Work\pps\daily_report2\system\Database\BaseConnection.php(738): CodeIgniter\Database\MySQLi\Connection->execute('INSERT INTO `ja...')
#2 D:\Work\pps\daily_report2\system\Database\BaseConnection.php(652): CodeIgniter\Database\BaseConnection->simpleQuery('INSERT INTO `ja...')
#3 D:\Work\pps\daily_report2\system\Database\BaseBuilder.php(2345): CodeIgniter\Database\BaseConnection->query('INSERT INTO `ja...', Array, false)
#4 D:\Work\pps\daily_report2\app\Controllers\BaseController.php(110): CodeIgniter\Database\BaseBuilder->insert(Array)
#5 D:\Work\pps\daily_report2\app\Controllers\BaseController.php(301): App\Controllers\BaseController->kirimJadwalHariIni()
#6 D:\Work\pps\daily_report2\system\CodeIgniter.php(904): App\Controllers\BaseController->initController(Object(CodeIgniter\HTTP\IncomingRequest), Object(CodeIgniter\HTTP\Response), Object(CodeIgniter\Log\Logger))
#7 D:\Work\pps\daily_report2\system\CodeIgniter.php(498): CodeIgniter\CodeIgniter->createController()
#8 D:\Work\pps\daily_report2\system\CodeIgniter.php(354): CodeIgniter\CodeIgniter->handleRequest(NULL, Object(Config\Cache), false)
#9 D:\Work\pps\daily_report2\system\Boot.php(334): CodeIgniter\CodeIgniter->run()
#10 D:\Work\pps\daily_report2\system\Boot.php(67): CodeIgniter\Boot::runCodeIgniter(Object(CodeIgniter\CodeIgniter))
#11 D:\Work\pps\daily_report2\public\index.php(56): CodeIgniter\Boot::bootWeb(Object(Config\Paths))
#12 D:\Work\pps\daily_report2\system\rewrite.php(44): require_once('D:\\Work\\pps\\dai...')
#13 {main}
ERROR - 2025-06-18 16:36:55 --> mysqli_sql_exception: Duplicate entry '2025-06-18' for key 'tanggal' in D:\Work\pps\daily_report2\system\Database\MySQLi\Connection.php:327
Stack trace:
#0 D:\Work\pps\daily_report2\system\Database\MySQLi\Connection.php(327): mysqli->query('INSERT INTO `ja...', 0)
#1 D:\Work\pps\daily_report2\system\Database\BaseConnection.php(738): CodeIgniter\Database\MySQLi\Connection->execute('INSERT INTO `ja...')
#2 D:\Work\pps\daily_report2\system\Database\BaseConnection.php(652): CodeIgniter\Database\BaseConnection->simpleQuery('INSERT INTO `ja...')
#3 D:\Work\pps\daily_report2\system\Database\BaseBuilder.php(2345): CodeIgniter\Database\BaseConnection->query('INSERT INTO `ja...', Array, false)
#4 D:\Work\pps\daily_report2\app\Controllers\BaseController.php(110): CodeIgniter\Database\BaseBuilder->insert(Array)
#5 D:\Work\pps\daily_report2\app\Controllers\BaseController.php(301): App\Controllers\BaseController->kirimJadwalHariIni()
#6 D:\Work\pps\daily_report2\system\CodeIgniter.php(904): App\Controllers\BaseController->initController(Object(CodeIgniter\HTTP\IncomingRequest), Object(CodeIgniter\HTTP\Response), Object(CodeIgniter\Log\Logger))
#7 D:\Work\pps\daily_report2\system\CodeIgniter.php(498): CodeIgniter\CodeIgniter->createController()
#8 D:\Work\pps\daily_report2\system\CodeIgniter.php(354): CodeIgniter\CodeIgniter->handleRequest(NULL, Object(Config\Cache), false)
#9 D:\Work\pps\daily_report2\system\Boot.php(334): CodeIgniter\CodeIgniter->run()
#10 D:\Work\pps\daily_report2\system\Boot.php(67): CodeIgniter\Boot::runCodeIgniter(Object(CodeIgniter\CodeIgniter))
#11 D:\Work\pps\daily_report2\public\index.php(56): CodeIgniter\Boot::bootWeb(Object(Config\Paths))
#12 D:\Work\pps\daily_report2\system\rewrite.php(44): require_once('D:\\Work\\pps\\dai...')
#13 {main}
ERROR - 2025-06-18 16:37:37 --> mysqli_sql_exception: Duplicate entry '2025-06-18' for key 'tanggal' in D:\Work\pps\daily_report2\system\Database\MySQLi\Connection.php:327
Stack trace:
#0 D:\Work\pps\daily_report2\system\Database\MySQLi\Connection.php(327): mysqli->query('INSERT INTO `ja...', 0)
#1 D:\Work\pps\daily_report2\system\Database\BaseConnection.php(738): CodeIgniter\Database\MySQLi\Connection->execute('INSERT INTO `ja...')
#2 D:\Work\pps\daily_report2\system\Database\BaseConnection.php(652): CodeIgniter\Database\BaseConnection->simpleQuery('INSERT INTO `ja...')
#3 D:\Work\pps\daily_report2\system\Database\BaseBuilder.php(2345): CodeIgniter\Database\BaseConnection->query('INSERT INTO `ja...', Array, false)
#4 D:\Work\pps\daily_report2\app\Controllers\BaseController.php(110): CodeIgniter\Database\BaseBuilder->insert(Array)
#5 D:\Work\pps\daily_report2\app\Controllers\BaseController.php(301): App\Controllers\BaseController->kirimJadwalHariIni()
#6 D:\Work\pps\daily_report2\system\CodeIgniter.php(904): App\Controllers\BaseController->initController(Object(CodeIgniter\HTTP\IncomingRequest), Object(CodeIgniter\HTTP\Response), Object(CodeIgniter\Log\Logger))
#7 D:\Work\pps\daily_report2\system\CodeIgniter.php(498): CodeIgniter\CodeIgniter->createController()
#8 D:\Work\pps\daily_report2\system\CodeIgniter.php(354): CodeIgniter\CodeIgniter->handleRequest(NULL, Object(Config\Cache), false)
#9 D:\Work\pps\daily_report2\system\Boot.php(334): CodeIgniter\CodeIgniter->run()
#10 D:\Work\pps\daily_report2\system\Boot.php(67): CodeIgniter\Boot::runCodeIgniter(Object(CodeIgniter\CodeIgniter))
#11 D:\Work\pps\daily_report2\public\index.php(56): CodeIgniter\Boot::bootWeb(Object(Config\Paths))
#12 D:\Work\pps\daily_report2\system\rewrite.php(44): require_once('D:\\Work\\pps\\dai...')
#13 {main}
ERROR - 2025-06-18 16:37:56 --> mysqli_sql_exception: Unknown column 'status' in 'where clause' in D:\Work\pps\daily_report2\system\Database\MySQLi\Connection.php:327
Stack trace:
#0 D:\Work\pps\daily_report2\system\Database\MySQLi\Connection.php(327): mysqli->query('SELECT *\nFROM `...', 0)
#1 D:\Work\pps\daily_report2\system\Database\BaseConnection.php(738): CodeIgniter\Database\MySQLi\Connection->execute('SELECT *\nFROM `...')
#2 D:\Work\pps\daily_report2\system\Database\BaseConnection.php(652): CodeIgniter\Database\BaseConnection->simpleQuery('SELECT *\nFROM `...')
#3 D:\Work\pps\daily_report2\system\Database\BaseBuilder.php(1649): CodeIgniter\Database\BaseConnection->query('SELECT *\nFROM `...', Array, false)
#4 D:\Work\pps\daily_report2\app\Controllers\BaseController.php(79): CodeIgniter\Database\BaseBuilder->get()
#5 D:\Work\pps\daily_report2\app\Controllers\BaseController.php(327): App\Controllers\BaseController->kirimJadwalHariIni()
#6 D:\Work\pps\daily_report2\system\CodeIgniter.php(904): App\Controllers\BaseController->initController(Object(CodeIgniter\HTTP\IncomingRequest), Object(CodeIgniter\HTTP\Response), Object(CodeIgniter\Log\Logger))
#7 D:\Work\pps\daily_report2\system\CodeIgniter.php(498): CodeIgniter\CodeIgniter->createController()
#8 D:\Work\pps\daily_report2\system\CodeIgniter.php(354): CodeIgniter\CodeIgniter->handleRequest(NULL, Object(Config\Cache), false)
#9 D:\Work\pps\daily_report2\system\Boot.php(334): CodeIgniter\CodeIgniter->run()
#10 D:\Work\pps\daily_report2\system\Boot.php(67): CodeIgniter\Boot::runCodeIgniter(Object(CodeIgniter\CodeIgniter))
#11 D:\Work\pps\daily_report2\public\index.php(56): CodeIgniter\Boot::bootWeb(Object(Config\Paths))
#12 D:\Work\pps\daily_report2\system\rewrite.php(44): require_once('D:\\Work\\pps\\dai...')
#13 {main}
CRITICAL - 2025-06-18 16:37:56 --> Error: Call to a member function getRow() on bool
[Method: GET, Route: outdoor-activity/display]
in APPPATH\Controllers\BaseController.php on line 79.
 1 APPPATH\Controllers\BaseController.php(327): App\Controllers\BaseController->kirimJadwalHariIni()
 2 SYSTEMPATH\CodeIgniter.php(904): App\Controllers\BaseController->initController(Object(CodeIgniter\HTTP\IncomingRequest), Object(CodeIgniter\HTTP\Response), Object(CodeIgniter\Log\Logger))
 3 SYSTEMPATH\CodeIgniter.php(498): CodeIgniter\CodeIgniter->createController()
 4 SYSTEMPATH\CodeIgniter.php(354): CodeIgniter\CodeIgniter->handleRequest(null, Object(Config\Cache), false)
 5 SYSTEMPATH\Boot.php(334): CodeIgniter\CodeIgniter->run()
 6 SYSTEMPATH\Boot.php(67): CodeIgniter\Boot::runCodeIgniter(Object(CodeIgniter\CodeIgniter))
 7 FCPATH\index.php(56): CodeIgniter\Boot::bootWeb(Object(Config\Paths))
 8 SYSTEMPATH\rewrite.php(44): require_once('D:\\Work\\pps\\daily_report2\\public\\index.php')
ERROR - 2025-06-18 16:38:39 --> mysqli_sql_exception: Unknown column 'status' in 'where clause' in D:\Work\pps\daily_report2\system\Database\MySQLi\Connection.php:327
Stack trace:
#0 D:\Work\pps\daily_report2\system\Database\MySQLi\Connection.php(327): mysqli->query('SELECT *\nFROM `...', 0)
#1 D:\Work\pps\daily_report2\system\Database\BaseConnection.php(738): CodeIgniter\Database\MySQLi\Connection->execute('SELECT *\nFROM `...')
#2 D:\Work\pps\daily_report2\system\Database\BaseConnection.php(652): CodeIgniter\Database\BaseConnection->simpleQuery('SELECT *\nFROM `...')
#3 D:\Work\pps\daily_report2\system\Database\BaseBuilder.php(1649): CodeIgniter\Database\BaseConnection->query('SELECT *\nFROM `...', Array, false)
#4 D:\Work\pps\daily_report2\app\Controllers\BaseController.php(79): CodeIgniter\Database\BaseBuilder->get()
#5 D:\Work\pps\daily_report2\app\Controllers\BaseController.php(327): App\Controllers\BaseController->kirimJadwalHariIni()
#6 D:\Work\pps\daily_report2\system\CodeIgniter.php(904): App\Controllers\BaseController->initController(Object(CodeIgniter\HTTP\IncomingRequest), Object(CodeIgniter\HTTP\Response), Object(CodeIgniter\Log\Logger))
#7 D:\Work\pps\daily_report2\system\CodeIgniter.php(498): CodeIgniter\CodeIgniter->createController()
#8 D:\Work\pps\daily_report2\system\CodeIgniter.php(354): CodeIgniter\CodeIgniter->handleRequest(NULL, Object(Config\Cache), false)
#9 D:\Work\pps\daily_report2\system\Boot.php(334): CodeIgniter\CodeIgniter->run()
#10 D:\Work\pps\daily_report2\system\Boot.php(67): CodeIgniter\Boot::runCodeIgniter(Object(CodeIgniter\CodeIgniter))
#11 D:\Work\pps\daily_report2\public\index.php(56): CodeIgniter\Boot::bootWeb(Object(Config\Paths))
#12 D:\Work\pps\daily_report2\system\rewrite.php(44): require_once('D:\\Work\\pps\\dai...')
#13 {main}
CRITICAL - 2025-06-18 16:38:39 --> Error: Call to a member function getRow() on bool
[Method: GET, Route: outdoor-activity/display]
in APPPATH\Controllers\BaseController.php on line 79.
 1 APPPATH\Controllers\BaseController.php(327): App\Controllers\BaseController->kirimJadwalHariIni()
 2 SYSTEMPATH\CodeIgniter.php(904): App\Controllers\BaseController->initController(Object(CodeIgniter\HTTP\IncomingRequest), Object(CodeIgniter\HTTP\Response), Object(CodeIgniter\Log\Logger))
 3 SYSTEMPATH\CodeIgniter.php(498): CodeIgniter\CodeIgniter->createController()
 4 SYSTEMPATH\CodeIgniter.php(354): CodeIgniter\CodeIgniter->handleRequest(null, Object(Config\Cache), false)
 5 SYSTEMPATH\Boot.php(334): CodeIgniter\CodeIgniter->run()
 6 SYSTEMPATH\Boot.php(67): CodeIgniter\Boot::runCodeIgniter(Object(CodeIgniter\CodeIgniter))
 7 FCPATH\index.php(56): CodeIgniter\Boot::bootWeb(Object(Config\Paths))
 8 SYSTEMPATH\rewrite.php(44): require_once('D:\\Work\\pps\\daily_report2\\public\\index.php')
ERROR - 2025-06-18 16:54:11 --> mysqli_sql_exception: Unknown column 'status' in 'where clause' in D:\Work\pps\daily_report2\system\Database\MySQLi\Connection.php:327
Stack trace:
#0 D:\Work\pps\daily_report2\system\Database\MySQLi\Connection.php(327): mysqli->query('SELECT *\nFROM `...', 0)
#1 D:\Work\pps\daily_report2\system\Database\BaseConnection.php(738): CodeIgniter\Database\MySQLi\Connection->execute('SELECT *\nFROM `...')
#2 D:\Work\pps\daily_report2\system\Database\BaseConnection.php(652): CodeIgniter\Database\BaseConnection->simpleQuery('SELECT *\nFROM `...')
#3 D:\Work\pps\daily_report2\system\Database\BaseBuilder.php(1649): CodeIgniter\Database\BaseConnection->query('SELECT *\nFROM `...', Array, false)
#4 D:\Work\pps\daily_report2\app\Controllers\BaseController.php(79): CodeIgniter\Database\BaseBuilder->get()
#5 D:\Work\pps\daily_report2\app\Controllers\BaseController.php(326): App\Controllers\BaseController->kirimJadwalHariIni()
#6 D:\Work\pps\daily_report2\system\CodeIgniter.php(904): App\Controllers\BaseController->initController(Object(CodeIgniter\HTTP\IncomingRequest), Object(CodeIgniter\HTTP\Response), Object(CodeIgniter\Log\Logger))
#7 D:\Work\pps\daily_report2\system\CodeIgniter.php(498): CodeIgniter\CodeIgniter->createController()
#8 D:\Work\pps\daily_report2\system\CodeIgniter.php(354): CodeIgniter\CodeIgniter->handleRequest(NULL, Object(Config\Cache), false)
#9 D:\Work\pps\daily_report2\system\Boot.php(334): CodeIgniter\CodeIgniter->run()
#10 D:\Work\pps\daily_report2\system\Boot.php(67): CodeIgniter\Boot::runCodeIgniter(Object(CodeIgniter\CodeIgniter))
#11 D:\Work\pps\daily_report2\public\index.php(56): CodeIgniter\Boot::bootWeb(Object(Config\Paths))
#12 D:\Work\pps\daily_report2\system\rewrite.php(44): require_once('D:\\Work\\pps\\dai...')
#13 {main}
CRITICAL - 2025-06-18 16:54:11 --> Error: Call to a member function getRow() on bool
[Method: GET, Route: outdoor-activity/display]
in APPPATH\Controllers\BaseController.php on line 79.
 1 APPPATH\Controllers\BaseController.php(326): App\Controllers\BaseController->kirimJadwalHariIni()
 2 SYSTEMPATH\CodeIgniter.php(904): App\Controllers\BaseController->initController(Object(CodeIgniter\HTTP\IncomingRequest), Object(CodeIgniter\HTTP\Response), Object(CodeIgniter\Log\Logger))
 3 SYSTEMPATH\CodeIgniter.php(498): CodeIgniter\CodeIgniter->createController()
 4 SYSTEMPATH\CodeIgniter.php(354): CodeIgniter\CodeIgniter->handleRequest(null, Object(Config\Cache), false)
 5 SYSTEMPATH\Boot.php(334): CodeIgniter\CodeIgniter->run()
 6 SYSTEMPATH\Boot.php(67): CodeIgniter\Boot::runCodeIgniter(Object(CodeIgniter\CodeIgniter))
 7 FCPATH\index.php(56): CodeIgniter\Boot::bootWeb(Object(Config\Paths))
 8 SYSTEMPATH\rewrite.php(44): require_once('D:\\Work\\pps\\daily_report2\\public\\index.php')
ERROR - 2025-06-18 16:56:45 --> mysqli_sql_exception: Unknown column 'status' in 'where clause' in D:\Work\pps\daily_report2\system\Database\MySQLi\Connection.php:327
Stack trace:
#0 D:\Work\pps\daily_report2\system\Database\MySQLi\Connection.php(327): mysqli->query('SELECT *\nFROM `...', 0)
#1 D:\Work\pps\daily_report2\system\Database\BaseConnection.php(738): CodeIgniter\Database\MySQLi\Connection->execute('SELECT *\nFROM `...')
#2 D:\Work\pps\daily_report2\system\Database\BaseConnection.php(652): CodeIgniter\Database\BaseConnection->simpleQuery('SELECT *\nFROM `...')
#3 D:\Work\pps\daily_report2\system\Database\BaseBuilder.php(1649): CodeIgniter\Database\BaseConnection->query('SELECT *\nFROM `...', Array, false)
#4 D:\Work\pps\daily_report2\app\Controllers\BaseController.php(79): CodeIgniter\Database\BaseBuilder->get()
#5 D:\Work\pps\daily_report2\app\Controllers\BaseController.php(326): App\Controllers\BaseController->kirimJadwalHariIni()
#6 D:\Work\pps\daily_report2\system\CodeIgniter.php(904): App\Controllers\BaseController->initController(Object(CodeIgniter\HTTP\IncomingRequest), Object(CodeIgniter\HTTP\Response), Object(CodeIgniter\Log\Logger))
#7 D:\Work\pps\daily_report2\system\CodeIgniter.php(498): CodeIgniter\CodeIgniter->createController()
#8 D:\Work\pps\daily_report2\system\CodeIgniter.php(354): CodeIgniter\CodeIgniter->handleRequest(NULL, Object(Config\Cache), false)
#9 D:\Work\pps\daily_report2\system\Boot.php(334): CodeIgniter\CodeIgniter->run()
#10 D:\Work\pps\daily_report2\system\Boot.php(67): CodeIgniter\Boot::runCodeIgniter(Object(CodeIgniter\CodeIgniter))
#11 D:\Work\pps\daily_report2\public\index.php(56): CodeIgniter\Boot::bootWeb(Object(Config\Paths))
#12 D:\Work\pps\daily_report2\system\rewrite.php(44): require_once('D:\\Work\\pps\\dai...')
#13 {main}
CRITICAL - 2025-06-18 16:56:45 --> Error: Call to a member function getRow() on bool
[Method: GET, Route: outdoor-activity/display]
in APPPATH\Controllers\BaseController.php on line 79.
 1 APPPATH\Controllers\BaseController.php(326): App\Controllers\BaseController->kirimJadwalHariIni()
 2 SYSTEMPATH\CodeIgniter.php(904): App\Controllers\BaseController->initController(Object(CodeIgniter\HTTP\IncomingRequest), Object(CodeIgniter\HTTP\Response), Object(CodeIgniter\Log\Logger))
 3 SYSTEMPATH\CodeIgniter.php(498): CodeIgniter\CodeIgniter->createController()
 4 SYSTEMPATH\CodeIgniter.php(354): CodeIgniter\CodeIgniter->handleRequest(null, Object(Config\Cache), false)
 5 SYSTEMPATH\Boot.php(334): CodeIgniter\CodeIgniter->run()
 6 SYSTEMPATH\Boot.php(67): CodeIgniter\Boot::runCodeIgniter(Object(CodeIgniter\CodeIgniter))
 7 FCPATH\index.php(56): CodeIgniter\Boot::bootWeb(Object(Config\Paths))
 8 SYSTEMPATH\rewrite.php(44): require_once('D:\\Work\\pps\\daily_report2\\public\\index.php')
ERROR - 2025-06-18 16:57:11 --> mysqli_sql_exception: Unknown column 'status' in 'where clause' in D:\Work\pps\daily_report2\system\Database\MySQLi\Connection.php:327
Stack trace:
#0 D:\Work\pps\daily_report2\system\Database\MySQLi\Connection.php(327): mysqli->query('SELECT *\nFROM `...', 0)
#1 D:\Work\pps\daily_report2\system\Database\BaseConnection.php(738): CodeIgniter\Database\MySQLi\Connection->execute('SELECT *\nFROM `...')
#2 D:\Work\pps\daily_report2\system\Database\BaseConnection.php(652): CodeIgniter\Database\BaseConnection->simpleQuery('SELECT *\nFROM `...')
#3 D:\Work\pps\daily_report2\system\Database\BaseBuilder.php(1649): CodeIgniter\Database\BaseConnection->query('SELECT *\nFROM `...', Array, false)
#4 D:\Work\pps\daily_report2\app\Controllers\BaseController.php(79): CodeIgniter\Database\BaseBuilder->get()
#5 D:\Work\pps\daily_report2\app\Controllers\BaseController.php(326): App\Controllers\BaseController->kirimJadwalHariIni()
#6 D:\Work\pps\daily_report2\system\CodeIgniter.php(904): App\Controllers\BaseController->initController(Object(CodeIgniter\HTTP\IncomingRequest), Object(CodeIgniter\HTTP\Response), Object(CodeIgniter\Log\Logger))
#7 D:\Work\pps\daily_report2\system\CodeIgniter.php(498): CodeIgniter\CodeIgniter->createController()
#8 D:\Work\pps\daily_report2\system\CodeIgniter.php(354): CodeIgniter\CodeIgniter->handleRequest(NULL, Object(Config\Cache), false)
#9 D:\Work\pps\daily_report2\system\Boot.php(334): CodeIgniter\CodeIgniter->run()
#10 D:\Work\pps\daily_report2\system\Boot.php(67): CodeIgniter\Boot::runCodeIgniter(Object(CodeIgniter\CodeIgniter))
#11 D:\Work\pps\daily_report2\public\index.php(56): CodeIgniter\Boot::bootWeb(Object(Config\Paths))
#12 D:\Work\pps\daily_report2\system\rewrite.php(44): require_once('D:\\Work\\pps\\dai...')
#13 {main}
CRITICAL - 2025-06-18 16:57:11 --> Error: Call to a member function getRow() on bool
[Method: GET, Route: outdoor-activity/display]
in APPPATH\Controllers\BaseController.php on line 79.
 1 APPPATH\Controllers\BaseController.php(326): App\Controllers\BaseController->kirimJadwalHariIni()
 2 SYSTEMPATH\CodeIgniter.php(904): App\Controllers\BaseController->initController(Object(CodeIgniter\HTTP\IncomingRequest), Object(CodeIgniter\HTTP\Response), Object(CodeIgniter\Log\Logger))
 3 SYSTEMPATH\CodeIgniter.php(498): CodeIgniter\CodeIgniter->createController()
 4 SYSTEMPATH\CodeIgniter.php(354): CodeIgniter\CodeIgniter->handleRequest(null, Object(Config\Cache), false)
 5 SYSTEMPATH\Boot.php(334): CodeIgniter\CodeIgniter->run()
 6 SYSTEMPATH\Boot.php(67): CodeIgniter\Boot::runCodeIgniter(Object(CodeIgniter\CodeIgniter))
 7 FCPATH\index.php(56): CodeIgniter\Boot::bootWeb(Object(Config\Paths))
 8 SYSTEMPATH\rewrite.php(44): require_once('D:\\Work\\pps\\daily_report2\\public\\index.php')
