CRITICAL - 2025-06-23 13:42:44 --> ErrorException: Undefined variable $piketTomorrow
[Method: GET, Route: outdoor-activity/display]
in APPPATH\Views\outdoor_activity\display.php on line 747.
 1 APPPATH\Views\outdoor_activity\display.php(747): CodeIgniter\Debug\Exceptions->errorHandler(2, 'Undefined variable $piketTomorrow', 'D:\\Work\\pps\\daily_report2\\app\\Views\\outdoor_activity\\display.php', 747)
 2 SYSTEMPATH\View\View.php(224): include('D:\\Work\\pps\\daily_report2\\app\\Views\\outdoor_activity\\display.php')
 3 SYSTEMPATH\View\View.php(227): CodeIgniter\View\View->CodeIgniter\View\{closure}()
 4 SYSTEMPATH\Common.php(1173): CodeIgniter\View\View->render('outdoor_activity/display', [], true)
 5 APPPATH\Controllers\OutdoorActivity.php(364): view('outdoor_activity/display', [...])
 6 SYSTEMPATH\CodeIgniter.php(933): App\Controllers\OutdoorActivity->display()
 7 SYSTEMPATH\CodeIgniter.php(507): CodeIgniter\CodeIgniter->runController(Object(App\Controllers\OutdoorActivity))
 8 SYSTEMPATH\CodeIgniter.php(354): CodeIgniter\CodeIgniter->handleRequest(null, Object(Config\Cache), false)
 9 SYSTEMPATH\Boot.php(334): CodeIgniter\CodeIgniter->run()
10 SYSTEMPATH\Boot.php(67): CodeIgniter\Boot::runCodeIgniter(Object(CodeIgniter\CodeIgniter))
11 FCPATH\index.php(56): CodeIgniter\Boot::bootWeb(Object(Config\Paths))
12 SYSTEMPATH\rewrite.php(44): require_once('D:\\Work\\pps\\daily_report2\\public\\index.php')
CRITICAL - 2025-06-23 06:44:23 --> ParseError: syntax error, unexpected variable "$piketData"
[Method: GET, Route: outdoor-activity/display]
in APPPATH\Controllers\OutdoorActivity.php on line 348.
 1 SYSTEMPATH\Autoloader\Autoloader.php(295): CodeIgniter\Autoloader\Autoloader->includeFile('D:\\Work\\pps\\daily_report2\\app\\Controllers\\OutdoorActivity.php')
 2 SYSTEMPATH\Autoloader\Autoloader.php(271): CodeIgniter\Autoloader\Autoloader->loadInNamespace('App\\Controllers\\OutdoorActivity')
 3 [internal function]: CodeIgniter\Autoloader\Autoloader->loadClass('App\\Controllers\\OutdoorActivity')
 4 SYSTEMPATH\CodeIgniter.php(885): class_exists('\\App\\Controllers\\OutdoorActivity', true)
 5 SYSTEMPATH\CodeIgniter.php(494): CodeIgniter\CodeIgniter->startController()
 6 SYSTEMPATH\CodeIgniter.php(354): CodeIgniter\CodeIgniter->handleRequest(null, Object(Config\Cache), false)
 7 SYSTEMPATH\Boot.php(334): CodeIgniter\CodeIgniter->run()
 8 SYSTEMPATH\Boot.php(67): CodeIgniter\Boot::runCodeIgniter(Object(CodeIgniter\CodeIgniter))
 9 FCPATH\index.php(56): CodeIgniter\Boot::bootWeb(Object(Config\Paths))
10 SYSTEMPATH\rewrite.php(44): require_once('D:\\Work\\pps\\daily_report2\\public\\index.php')
CRITICAL - 2025-06-23 14:04:11 --> ErrorException: A non-numeric value encountered
[Method: GET, Route: outdoor-activity/display]
in APPPATH\Views\outdoor_activity\display.php on line 760.
 1 APPPATH\Views\outdoor_activity\display.php(760): CodeIgniter\Debug\Exceptions->errorHandler(2, 'A non-numeric value encountered', 'D:\\Work\\pps\\daily_report2\\app\\Views\\outdoor_activity\\display.php', 760)
 2 SYSTEMPATH\View\View.php(224): include('D:\\Work\\pps\\daily_report2\\app\\Views\\outdoor_activity\\display.php')
 3 SYSTEMPATH\View\View.php(227): CodeIgniter\View\View->CodeIgniter\View\{closure}()
 4 SYSTEMPATH\Common.php(1173): CodeIgniter\View\View->render('outdoor_activity/display', [], true)
 5 APPPATH\Controllers\OutdoorActivity.php(364): view('outdoor_activity/display', [...])
 6 SYSTEMPATH\CodeIgniter.php(933): App\Controllers\OutdoorActivity->display()
 7 SYSTEMPATH\CodeIgniter.php(507): CodeIgniter\CodeIgniter->runController(Object(App\Controllers\OutdoorActivity))
 8 SYSTEMPATH\CodeIgniter.php(354): CodeIgniter\CodeIgniter->handleRequest(null, Object(Config\Cache), false)
 9 SYSTEMPATH\Boot.php(334): CodeIgniter\CodeIgniter->run()
10 SYSTEMPATH\Boot.php(67): CodeIgniter\Boot::runCodeIgniter(Object(CodeIgniter\CodeIgniter))
11 FCPATH\index.php(56): CodeIgniter\Boot::bootWeb(Object(Config\Paths))
12 SYSTEMPATH\rewrite.php(44): require_once('D:\\Work\\pps\\daily_report2\\public\\index.php')
CRITICAL - 2025-06-23 14:04:11 --> ErrorException: A non-numeric value encountered
[Method: GET, Route: outdoor-activity/display]
in APPPATH\Views\outdoor_activity\display.php on line 760.
 1 APPPATH\Views\outdoor_activity\display.php(760): CodeIgniter\Debug\Exceptions->errorHandler(2, 'A non-numeric value encountered', 'D:\\Work\\pps\\daily_report2\\app\\Views\\outdoor_activity\\display.php', 760)
 2 SYSTEMPATH\View\View.php(224): include('D:\\Work\\pps\\daily_report2\\app\\Views\\outdoor_activity\\display.php')
 3 SYSTEMPATH\View\View.php(227): CodeIgniter\View\View->CodeIgniter\View\{closure}()
 4 SYSTEMPATH\Common.php(1173): CodeIgniter\View\View->render('outdoor_activity/display', [], true)
 5 APPPATH\Controllers\OutdoorActivity.php(364): view('outdoor_activity/display', [...])
 6 SYSTEMPATH\CodeIgniter.php(933): App\Controllers\OutdoorActivity->display()
 7 SYSTEMPATH\CodeIgniter.php(507): CodeIgniter\CodeIgniter->runController(Object(App\Controllers\OutdoorActivity))
 8 SYSTEMPATH\CodeIgniter.php(354): CodeIgniter\CodeIgniter->handleRequest(null, Object(Config\Cache), false)
 9 SYSTEMPATH\Boot.php(334): CodeIgniter\CodeIgniter->run()
10 SYSTEMPATH\Boot.php(67): CodeIgniter\Boot::runCodeIgniter(Object(CodeIgniter\CodeIgniter))
11 FCPATH\index.php(56): CodeIgniter\Boot::bootWeb(Object(Config\Paths))
12 SYSTEMPATH\rewrite.php(44): require_once('D:\\Work\\pps\\daily_report2\\public\\index.php')
CRITICAL - 2025-06-23 15:44:00 --> CodeIgniter\View\Exceptions\ViewException: Invalid file: "masterCcf/master_toolcost/index.php"
[Method: GET, Route: ccf-master-toolcost]
in SYSTEMPATH\Exceptions\FrameworkException.php on line 39.
 1 SYSTEMPATH\View\View.php(212): CodeIgniter\Exceptions\FrameworkException::forInvalidFile('masterCcf/master_toolcost/index.php')
 2 SYSTEMPATH\Common.php(1173): CodeIgniter\View\View->render('masterCcf/master_toolcost/index', [], true)
 3 APPPATH\Controllers\CcfMasterToolCost.php(20): view('masterCcf/master_toolcost/index', [...])
 4 SYSTEMPATH\CodeIgniter.php(933): App\Controllers\CcfMasterToolCost->index()
 5 SYSTEMPATH\CodeIgniter.php(507): CodeIgniter\CodeIgniter->runController(Object(App\Controllers\CcfMasterToolCost))
 6 SYSTEMPATH\CodeIgniter.php(354): CodeIgniter\CodeIgniter->handleRequest(null, Object(Config\Cache), false)
 7 SYSTEMPATH\Boot.php(334): CodeIgniter\CodeIgniter->run()
 8 SYSTEMPATH\Boot.php(67): CodeIgniter\Boot::runCodeIgniter(Object(CodeIgniter\CodeIgniter))
 9 FCPATH\index.php(56): CodeIgniter\Boot::bootWeb(Object(Config\Paths))
10 SYSTEMPATH\rewrite.php(44): require_once('D:\\Work\\pps\\daily_report2\\public\\index.php')
ERROR - 2025-06-23 15:44:30 --> mysqli_sql_exception: Table 'daily_report.ccf_master_toolcost' doesn't exist in D:\Work\pps\daily_report2\system\Database\MySQLi\Connection.php:327
Stack trace:
#0 D:\Work\pps\daily_report2\system\Database\MySQLi\Connection.php(327): mysqli->query('SELECT *\nFROM `...', 0)
#1 D:\Work\pps\daily_report2\system\Database\BaseConnection.php(738): CodeIgniter\Database\MySQLi\Connection->execute('SELECT *\nFROM `...')
#2 D:\Work\pps\daily_report2\system\Database\BaseConnection.php(652): CodeIgniter\Database\BaseConnection->simpleQuery('SELECT *\nFROM `...')
#3 D:\Work\pps\daily_report2\system\Database\BaseBuilder.php(1649): CodeIgniter\Database\BaseConnection->query('SELECT *\nFROM `...', Array, false)
#4 D:\Work\pps\daily_report2\system\Model.php(286): CodeIgniter\Database\BaseBuilder->get()
#5 D:\Work\pps\daily_report2\system\BaseModel.php(675): CodeIgniter\Model->doFindAll(0, 0)
#6 D:\Work\pps\daily_report2\app\Controllers\CcfMasterToolCost.php(19): CodeIgniter\BaseModel->findAll()
#7 D:\Work\pps\daily_report2\system\CodeIgniter.php(933): App\Controllers\CcfMasterToolCost->index()
#8 D:\Work\pps\daily_report2\system\CodeIgniter.php(507): CodeIgniter\CodeIgniter->runController(Object(App\Controllers\CcfMasterToolCost))
#9 D:\Work\pps\daily_report2\system\CodeIgniter.php(354): CodeIgniter\CodeIgniter->handleRequest(NULL, Object(Config\Cache), false)
#10 D:\Work\pps\daily_report2\system\Boot.php(334): CodeIgniter\CodeIgniter->run()
#11 D:\Work\pps\daily_report2\system\Boot.php(67): CodeIgniter\Boot::runCodeIgniter(Object(CodeIgniter\CodeIgniter))
#12 D:\Work\pps\daily_report2\public\index.php(56): CodeIgniter\Boot::bootWeb(Object(Config\Paths))
#13 D:\Work\pps\daily_report2\system\rewrite.php(44): require_once('D:\\Work\\pps\\dai...')
#14 {main}
CRITICAL - 2025-06-23 15:44:30 --> Error: Call to a member function getResult() on bool
[Method: GET, Route: ccf-master-toolcost]
in SYSTEMPATH\Model.php on line 287.
 1 SYSTEMPATH\BaseModel.php(675): CodeIgniter\Model->doFindAll(0, 0)
 2 APPPATH\Controllers\CcfMasterToolCost.php(19): CodeIgniter\BaseModel->findAll()
 3 SYSTEMPATH\CodeIgniter.php(933): App\Controllers\CcfMasterToolCost->index()
 4 SYSTEMPATH\CodeIgniter.php(507): CodeIgniter\CodeIgniter->runController(Object(App\Controllers\CcfMasterToolCost))
 5 SYSTEMPATH\CodeIgniter.php(354): CodeIgniter\CodeIgniter->handleRequest(null, Object(Config\Cache), false)
 6 SYSTEMPATH\Boot.php(334): CodeIgniter\CodeIgniter->run()
 7 SYSTEMPATH\Boot.php(67): CodeIgniter\Boot::runCodeIgniter(Object(CodeIgniter\CodeIgniter))
 8 FCPATH\index.php(56): CodeIgniter\Boot::bootWeb(Object(Config\Paths))
 9 SYSTEMPATH\rewrite.php(44): require_once('D:\\Work\\pps\\daily_report2\\public\\index.php')
CRITICAL - 2025-06-23 15:51:11 --> PhpOffice\PhpSpreadsheet\Exception: Invalid character found in sheet title
[Method: GET, Route: ccf/export/42]
in VENDORPATH\phpoffice\phpspreadsheet\src\PhpSpreadsheet\Worksheet\Worksheet.php on line 437.
 1 VENDORPATH\phpoffice\phpspreadsheet\src\PhpSpreadsheet\Worksheet\Worksheet.php(870): PhpOffice\PhpSpreadsheet\Worksheet\Worksheet::checkSheetTitle('53711/12-BZ200/290')
 2 APPPATH\Controllers\Ccf.php(850): PhpOffice\PhpSpreadsheet\Worksheet\Worksheet->setTitle('53711/12-BZ200/290')
 3 SYSTEMPATH\CodeIgniter.php(933): App\Controllers\Ccf->generateExcel('42')
 4 SYSTEMPATH\CodeIgniter.php(507): CodeIgniter\CodeIgniter->runController(Object(App\Controllers\Ccf))
 5 SYSTEMPATH\CodeIgniter.php(354): CodeIgniter\CodeIgniter->handleRequest(null, Object(Config\Cache), false)
 6 SYSTEMPATH\Boot.php(334): CodeIgniter\CodeIgniter->run()
 7 SYSTEMPATH\Boot.php(67): CodeIgniter\Boot::runCodeIgniter(Object(CodeIgniter\CodeIgniter))
 8 FCPATH\index.php(56): CodeIgniter\Boot::bootWeb(Object(Config\Paths))
 9 SYSTEMPATH\rewrite.php(44): require_once('D:\\Work\\pps\\daily_report2\\public\\index.php')
